<?xml version="1.0" encoding="UTF-8"?>
<testng-results skipped="0" failed="1" ignored="0" total="4" passed="3">
  <reporter-output>
  </reporter-output>
  <suite name="Default suite" duration-ms="86485" started-at="2020-03-24T01:58:25Z" finished-at="2020-03-24T01:59:51Z">
    <groups>
    </groups>
    <test name="Default test" duration-ms="86485" started-at="2020-03-24T01:58:25Z" finished-at="2020-03-24T01:59:51Z">
      <class name="com.Hotels.tests.SearchPageTest">
        <test-method status="PASS" signature="setUp()[pri:0, instance:com.Hotels.tests.SearchPageTest@30ea8c23]" name="setUp" is-config="true" duration-ms="21691" started-at="2020-03-24T01:58:25Z" finished-at="2020-03-24T01:58:47Z">
          <reporter-output>
          </reporter-output>
        </test-method> <!-- setUp -->
        <test-method status="PASS" signature="selectHotelCloserThanTenMile()[pri:0, instance:com.Hotels.tests.SearchPageTest@30ea8c23]" name="selectHotelCloserThanTenMile" duration-ms="5464" started-at="2020-03-24T01:58:47Z" finished-at="2020-03-24T01:58:52Z">
          <reporter-output>
          </reporter-output>
        </test-method> <!-- selectHotelCloserThanTenMile -->
        <test-method status="PASS" signature="tearDown()[pri:0, instance:com.Hotels.tests.SearchPageTest@30ea8c23]" name="tearDown" is-config="true" duration-ms="147" started-at="2020-03-24T01:58:52Z" finished-at="2020-03-24T01:58:52Z">
          <reporter-output>
          </reporter-output>
        </test-method> <!-- tearDown -->
        <test-method status="PASS" signature="setUp()[pri:0, instance:com.Hotels.tests.SearchPageTest@30ea8c23]" name="setUp" is-config="true" duration-ms="18354" started-at="2020-03-24T01:58:52Z" finished-at="2020-03-24T01:59:11Z">
          <reporter-output>
          </reporter-output>
        </test-method> <!-- setUp -->
        <test-method status="PASS" signature="verifySearchPageTitle()[pri:1, instance:com.Hotels.tests.SearchPageTest@30ea8c23]" name="verifySearchPageTitle" duration-ms="32" started-at="2020-03-24T01:59:11Z" description="Search Page Title" finished-at="2020-03-24T01:59:11Z">
          <reporter-output>
          </reporter-output>
        </test-method> <!-- verifySearchPageTitle -->
        <test-method status="PASS" signature="tearDown()[pri:0, instance:com.Hotels.tests.SearchPageTest@30ea8c23]" name="tearDown" is-config="true" duration-ms="120" started-at="2020-03-24T01:59:11Z" finished-at="2020-03-24T01:59:11Z">
          <reporter-output>
          </reporter-output>
        </test-method> <!-- tearDown -->
        <test-method status="PASS" signature="setUp()[pri:0, instance:com.Hotels.tests.SearchPageTest@30ea8c23]" name="setUp" is-config="true" duration-ms="17694" started-at="2020-03-24T01:59:11Z" finished-at="2020-03-24T01:59:29Z">
          <reporter-output>
          </reporter-output>
        </test-method> <!-- setUp -->
        <test-method status="FAIL" signature="fiveStarCloserThanTenMiles()[pri:2, instance:com.Hotels.tests.SearchPageTest@30ea8c23]" name="fiveStarCloserThanTenMiles" duration-ms="2302" started-at="2020-03-24T01:59:29Z" description="5 Stars Hotels" finished-at="2020-03-24T01:59:31Z">
          <exception class="org.openqa.selenium.StaleElementReferenceException">
            <message>
              <![CDATA[stale element reference: element is not attached to the page document
  (Session info: chrome=80.0.3987.149)
For documentation on this error, please visit: https://www.seleniumhq.org/exceptions/stale_element_reference.html
Build info: version: '3.141.59', revision: 'e82be7d358', time: '2018-11-14T08:17:03'
System info: host: 'Ayses-MBP.home', ip: 'fd4b:8d38:69ba:1:55c5:70a4:dea4:3572%en0', os.name: 'Mac OS X', os.arch: 'x86_64', os.version: '10.15.3', java.version: '1.8.0_231'
Driver info: org.openqa.selenium.chrome.ChromeDriver
Capabilities {acceptInsecureCerts: false, browserName: chrome, browserVersion: 80.0.3987.149, chrome: {chromedriverVersion: 79.0.3945.36 (3582db32b3389..., userDataDir: /var/folders/87/grrj89md7n5...}, goog:chromeOptions: {debuggerAddress: localhost:55731}, javascriptEnabled: true, networkConnectionEnabled: false, pageLoadStrategy: normal, platform: MAC, platformName: MAC, proxy: Proxy(), setWindowRect: true, strictFileInteractability: false, timeouts: {implicit: 0, pageLoad: 300000, script: 30000}, unhandledPromptBehavior: dismiss and notify}
Session ID: a2a49a33aa227577f8b62094320d6424]]>
            </message>
            <full-stacktrace>
              <![CDATA[org.openqa.selenium.StaleElementReferenceException: stale element reference: element is not attached to the page document
  (Session info: chrome=80.0.3987.149)
For documentation on this error, please visit: https://www.seleniumhq.org/exceptions/stale_element_reference.html
Build info: version: '3.141.59', revision: 'e82be7d358', time: '2018-11-14T08:17:03'
System info: host: 'Ayses-MBP.home', ip: 'fd4b:8d38:69ba:1:55c5:70a4:dea4:3572%en0', os.name: 'Mac OS X', os.arch: 'x86_64', os.version: '10.15.3', java.version: '1.8.0_231'
Driver info: org.openqa.selenium.chrome.ChromeDriver
Capabilities {acceptInsecureCerts: false, browserName: chrome, browserVersion: 80.0.3987.149, chrome: {chromedriverVersion: 79.0.3945.36 (3582db32b3389..., userDataDir: /var/folders/87/grrj89md7n5...}, goog:chromeOptions: {debuggerAddress: localhost:55731}, javascriptEnabled: true, networkConnectionEnabled: false, pageLoadStrategy: normal, platform: MAC, platformName: MAC, proxy: Proxy(), setWindowRect: true, strictFileInteractability: false, timeouts: {implicit: 0, pageLoad: 300000, script: 30000}, unhandledPromptBehavior: dismiss and notify}
Session ID: a2a49a33aa227577f8b62094320d6424
at sun.reflect.NativeConstructorAccessorImpl.newInstance0(Native Method)
at sun.reflect.NativeConstructorAccessorImpl.newInstance(NativeConstructorAccessorImpl.java:62)
at sun.reflect.DelegatingConstructorAccessorImpl.newInstance(DelegatingConstructorAccessorImpl.java:45)
at java.lang.reflect.Constructor.newInstance(Constructor.java:423)
at org.openqa.selenium.remote.http.W3CHttpResponseCodec.createException(W3CHttpResponseCodec.java:187)
at org.openqa.selenium.remote.http.W3CHttpResponseCodec.decode(W3CHttpResponseCodec.java:122)
at org.openqa.selenium.remote.http.W3CHttpResponseCodec.decode(W3CHttpResponseCodec.java:49)
at org.openqa.selenium.remote.HttpCommandExecutor.execute(HttpCommandExecutor.java:158)
at org.openqa.selenium.remote.service.DriverCommandExecutor.execute(DriverCommandExecutor.java:83)
at org.openqa.selenium.remote.RemoteWebDriver.execute(RemoteWebDriver.java:552)
at org.openqa.selenium.remote.RemoteWebElement.execute(RemoteWebElement.java:285)
at org.openqa.selenium.remote.RemoteWebElement.getText(RemoteWebElement.java:166)
at com.Hotels.pages.SearchPage.distanceCloserTenMiles(SearchPage.java:69)
at com.Hotels.tests.SearchPageTest.fiveStarCloserThanTenMiles(SearchPageTest.java:44)
at sun.reflect.NativeMethodAccessorImpl.invoke0(Native Method)
at sun.reflect.NativeMethodAccessorImpl.invoke(NativeMethodAccessorImpl.java:62)
at sun.reflect.DelegatingMethodAccessorImpl.invoke(DelegatingMethodAccessorImpl.java:43)
at java.lang.reflect.Method.invoke(Method.java:498)
at org.testng.internal.MethodInvocationHelper.invokeMethod(MethodInvocationHelper.java:124)
at org.testng.internal.Invoker.invokeMethod(Invoker.java:583)
at org.testng.internal.Invoker.invokeTestMethod(Invoker.java:719)
at org.testng.internal.Invoker.invokeTestMethods(Invoker.java:989)
at org.testng.internal.TestMethodWorker.invokeTestMethods(TestMethodWorker.java:125)
at org.testng.internal.TestMethodWorker.run(TestMethodWorker.java:109)
at org.testng.TestRunner.privateRun(TestRunner.java:648)
at org.testng.TestRunner.run(TestRunner.java:505)
at org.testng.SuiteRunner.runTest(SuiteRunner.java:455)
at org.testng.SuiteRunner.runSequentially(SuiteRunner.java:450)
at org.testng.SuiteRunner.privateRun(SuiteRunner.java:415)
at org.testng.SuiteRunner.run(SuiteRunner.java:364)
at org.testng.SuiteRunnerWorker.runSuite(SuiteRunnerWorker.java:52)
at org.testng.SuiteRunnerWorker.run(SuiteRunnerWorker.java:84)
at org.testng.TestNG.runSuitesSequentially(TestNG.java:1208)
at org.testng.TestNG.runSuitesLocally(TestNG.java:1137)
at org.testng.TestNG.runSuites(TestNG.java:1049)
at org.testng.TestNG.run(TestNG.java:1017)
at org.testng.remote.AbstractRemoteTestNG.run(AbstractRemoteTestNG.java:114)
at org.testng.remote.RemoteTestNG.initAndRun(RemoteTestNG.java:251)
at org.testng.remote.RemoteTestNG.main(RemoteTestNG.java:77)
]]>
            </full-stacktrace>
          </exception> <!-- org.openqa.selenium.StaleElementReferenceException -->
          <reporter-output>
          </reporter-output>
        </test-method> <!-- fiveStarCloserThanTenMiles -->
        <test-method status="PASS" signature="tearDown()[pri:0, instance:com.Hotels.tests.SearchPageTest@30ea8c23]" name="tearDown" is-config="true" duration-ms="132" started-at="2020-03-24T01:59:31Z" finished-at="2020-03-24T01:59:31Z">
          <reporter-output>
          </reporter-output>
        </test-method> <!-- tearDown -->
        <test-method status="PASS" signature="setUp()[pri:0, instance:com.Hotels.tests.SearchPageTest@30ea8c23]" name="setUp" is-config="true" duration-ms="17804" started-at="2020-03-24T01:59:31Z" finished-at="2020-03-24T01:59:49Z">
          <reporter-output>
          </reporter-output>
        </test-method> <!-- setUp -->
        <test-method status="PASS" signature="threeStarCloserThanTenMile()[pri:4, instance:com.Hotels.tests.SearchPageTest@30ea8c23]" name="threeStarCloserThanTenMile" duration-ms="2444" started-at="2020-03-24T01:59:49Z" description="3 Stars Hotels" finished-at="2020-03-24T01:59:51Z">
          <reporter-output>
          </reporter-output>
        </test-method> <!-- threeStarCloserThanTenMile -->
        <test-method status="PASS" signature="tearDown()[pri:0, instance:com.Hotels.tests.SearchPageTest@30ea8c23]" name="tearDown" is-config="true" duration-ms="137" started-at="2020-03-24T01:59:51Z" finished-at="2020-03-24T01:59:51Z">
          <reporter-output>
          </reporter-output>
        </test-method> <!-- tearDown -->
      </class> <!-- com.Hotels.tests.SearchPageTest -->
    </test> <!-- Default test -->
  </suite> <!-- Default suite -->
</testng-results>
